<?xml version="1.0" encoding="UTF-8"?>
<testsuite name="com.anonymous.mentalcare.AnonymousApplicationTests" tests="1" skipped="0" failures="0" errors="0" timestamp="2021-12-09T02:36:37" hostname="DESKTOP-2SS4HM6" time="0.09">
  <properties/>
  <testcase name="contextLoads()" classname="com.anonymous.mentalcare.AnonymousApplicationTests" time="0.09"/>
  <system-out><![CDATA[11:36:32.221 [Test worker] DEBUG org.springframework.test.context.BootstrapUtils - Instantiating CacheAwareContextLoaderDelegate from class [org.springframework.test.context.cache.DefaultCacheAwareContextLoaderDelegate]
11:36:32.232 [Test worker] DEBUG org.springframework.test.context.BootstrapUtils - Instantiating BootstrapContext using constructor [public org.springframework.test.context.support.DefaultBootstrapContext(java.lang.Class,org.springframework.test.context.CacheAwareContextLoaderDelegate)]
11:36:32.259 [Test worker] DEBUG org.springframework.test.context.BootstrapUtils - Instantiating TestContextBootstrapper for test class [com.anonymous.mentalcare.AnonymousApplicationTests] from class [org.springframework.boot.test.context.SpringBootTestContextBootstrapper]
11:36:32.268 [Test worker] INFO org.springframework.boot.test.context.SpringBootTestContextBootstrapper - Neither @ContextConfiguration nor @ContextHierarchy found for test class [com.anonymous.mentalcare.AnonymousApplicationTests], using SpringBootContextLoader
11:36:32.271 [Test worker] DEBUG org.springframework.test.context.support.AbstractContextLoader - Did not detect default resource location for test class [com.anonymous.mentalcare.AnonymousApplicationTests]: class path resource [com/anonymous/mentalcare/AnonymousApplicationTests-context.xml] does not exist
11:36:32.272 [Test worker] DEBUG org.springframework.test.context.support.AbstractContextLoader - Did not detect default resource location for test class [com.anonymous.mentalcare.AnonymousApplicationTests]: class path resource [com/anonymous/mentalcare/AnonymousApplicationTestsContext.groovy] does not exist
11:36:32.272 [Test worker] INFO org.springframework.test.context.support.AbstractContextLoader - Could not detect default resource locations for test class [com.anonymous.mentalcare.AnonymousApplicationTests]: no resource found for suffixes {-context.xml, Context.groovy}.
11:36:32.272 [Test worker] INFO org.springframework.test.context.support.AnnotationConfigContextLoaderUtils - Could not detect default configuration classes for test class [com.anonymous.mentalcare.AnonymousApplicationTests]: AnonymousApplicationTests does not declare any static, non-private, non-final, nested classes annotated with @Configuration.
11:36:32.312 [Test worker] DEBUG org.springframework.test.context.support.ActiveProfilesUtils - Could not find an 'annotation declaring class' for annotation type [org.springframework.test.context.ActiveProfiles] and class [com.anonymous.mentalcare.AnonymousApplicationTests]
11:36:32.372 [Test worker] DEBUG org.springframework.context.annotation.ClassPathScanningCandidateComponentProvider - Identified candidate component class: file [C:\Users\asdfj\Desktop\sparta\teamprojects\anonymous\build\classes\java\main\com\anonymous\mentalcare\AnonymousApplication.class]
11:36:32.374 [Test worker] INFO org.springframework.boot.test.context.SpringBootTestContextBootstrapper - Found @SpringBootConfiguration com.anonymous.mentalcare.AnonymousApplication for test class com.anonymous.mentalcare.AnonymousApplicationTests
11:36:32.473 [Test worker] DEBUG org.springframework.boot.test.context.SpringBootTestContextBootstrapper - @TestExecutionListeners is not present for class [com.anonymous.mentalcare.AnonymousApplicationTests]: using defaults.
11:36:32.474 [Test worker] INFO org.springframework.boot.test.context.SpringBootTestContextBootstrapper - Loaded default TestExecutionListener class names from location [META-INF/spring.factories]: [org.springframework.boot.test.autoconfigure.restdocs.RestDocsTestExecutionListener, org.springframework.boot.test.autoconfigure.web.client.MockRestServiceServerResetTestExecutionListener, org.springframework.boot.test.autoconfigure.web.servlet.MockMvcPrintOnlyOnFailureTestExecutionListener, org.springframework.boot.test.autoconfigure.web.servlet.WebDriverTestExecutionListener, org.springframework.boot.test.autoconfigure.webservices.client.MockWebServiceServerTestExecutionListener, org.springframework.boot.test.mock.mockito.MockitoTestExecutionListener, org.springframework.boot.test.mock.mockito.ResetMocksTestExecutionListener, org.springframework.test.context.web.ServletTestExecutionListener, org.springframework.test.context.support.DirtiesContextBeforeModesTestExecutionListener, org.springframework.test.context.event.ApplicationEventsTestExecutionListener, org.springframework.test.context.support.DependencyInjectionTestExecutionListener, org.springframework.test.context.support.DirtiesContextTestExecutionListener, org.springframework.test.context.transaction.TransactionalTestExecutionListener, org.springframework.test.context.jdbc.SqlScriptsTestExecutionListener, org.springframework.test.context.event.EventPublishingTestExecutionListener]
11:36:32.495 [Test worker] INFO org.springframework.boot.test.context.SpringBootTestContextBootstrapper - Using TestExecutionListeners: [org.springframework.test.context.web.ServletTestExecutionListener@47747fb9, org.springframework.test.context.support.DirtiesContextBeforeModesTestExecutionListener@3113a37, org.springframework.test.context.event.ApplicationEventsTestExecutionListener@213e3629, org.springframework.boot.test.mock.mockito.MockitoTestExecutionListener@4e9658b5, org.springframework.boot.test.autoconfigure.SpringBootDependencyInjectionTestExecutionListener@2a7b6f69, org.springframework.test.context.support.DirtiesContextTestExecutionListener@20312893, org.springframework.test.context.transaction.TransactionalTestExecutionListener@70eecdc2, org.springframework.test.context.jdbc.SqlScriptsTestExecutionListener@c41709a, org.springframework.test.context.event.EventPublishingTestExecutionListener@7db0565c, org.springframework.boot.test.autoconfigure.restdocs.RestDocsTestExecutionListener@54ec8cc9, org.springframework.boot.test.autoconfigure.web.client.MockRestServiceServerResetTestExecutionListener@52eacb4b, org.springframework.boot.test.autoconfigure.web.servlet.MockMvcPrintOnlyOnFailureTestExecutionListener@5528a42c, org.springframework.boot.test.autoconfigure.web.servlet.WebDriverTestExecutionListener@2a551a63, org.springframework.boot.test.autoconfigure.webservices.client.MockWebServiceServerTestExecutionListener@1a6f5124, org.springframework.boot.test.mock.mockito.ResetMocksTestExecutionListener@1edb61b1]
11:36:32.499 [Test worker] DEBUG org.springframework.test.context.support.AbstractDirtiesContextTestExecutionListener - Before test class: context [DefaultTestContext@324dcd31 testClass = AnonymousApplicationTests, testInstance = [null], testMethod = [null], testException = [null], mergedContextConfiguration = [WebMergedContextConfiguration@503d56b5 testClass = AnonymousApplicationTests, locations = '{}', classes = '{class com.anonymous.mentalcare.AnonymousApplication}', contextInitializerClasses = '[]', activeProfiles = '{}', propertySourceLocations = '{}', propertySourceProperties = '{org.springframework.boot.test.context.SpringBootTestContextBootstrapper=true}', contextCustomizers = set[org.springframework.boot.test.autoconfigure.actuate.metrics.MetricsExportContextCustomizerFactory$DisableMetricExportContextCustomizer@476b0ae6, org.springframework.boot.test.autoconfigure.properties.PropertyMappingContextCustomizer@0, org.springframework.boot.test.autoconfigure.web.servlet.WebDriverContextCustomizerFactory$Customizer@320de594, org.springframework.boot.test.context.filter.ExcludeFilterContextCustomizer@2974f221, org.springframework.boot.test.json.DuplicateJsonObjectContextCustomizerFactory$DuplicateJsonObjectContextCustomizer@665df3c6, org.springframework.boot.test.mock.mockito.MockitoContextCustomizer@0, org.springframework.boot.test.web.client.TestRestTemplateContextCustomizer@60641ec8, org.springframework.boot.test.context.SpringBootTestArgs@1, org.springframework.boot.test.context.SpringBootTestWebEnvironment@163370c2], resourceBasePath = 'src/main/webapp', contextLoader = 'org.springframework.boot.test.context.SpringBootContextLoader', parent = [null]], attributes = map['org.springframework.test.context.web.ServletTestExecutionListener.activateListener' -> true]], class annotated with @DirtiesContext [false] with mode [null].
11:36:32.525 [Test worker] DEBUG org.springframework.test.context.support.TestPropertySourceUtils - Adding inlined properties to environment: {spring.jmx.enabled=false, org.springframework.boot.test.context.SpringBootTestContextBootstrapper=true}

  .   ____          _            __ _ _
 /\\ / ___'_ __ _ _(_)_ __  __ _ \ \ \ \
( ( )\___ | '_ | '_| | '_ \/ _` | \ \ \ \
 \\/  ___)| |_)| | | | | || (_| |  ) ) ) )
  '  |____| .__|_| |_|_| |_\__, | / / / /
 =========|_|==============|___/=/_/_/_/
 :: Spring Boot ::                (v2.5.3)

2021-12-09 11:36:32.760  INFO 4432 --- [    Test worker] c.a.m.AnonymousApplicationTests          : Starting AnonymousApplicationTests using Java 11.0.11 on DESKTOP-2SS4HM6 with PID 4432 (started by asdfj in C:\Users\asdfj\Desktop\sparta\teamprojects\anonymous)
2021-12-09 11:36:32.762  INFO 4432 --- [    Test worker] c.a.m.AnonymousApplicationTests          : No active profile set, falling back to default profiles: default
2021-12-09 11:36:33.605  INFO 4432 --- [    Test worker] .s.d.r.c.RepositoryConfigurationDelegate : Bootstrapping Spring Data JPA repositories in DEFAULT mode.
2021-12-09 11:36:33.666  INFO 4432 --- [    Test worker] .s.d.r.c.RepositoryConfigurationDelegate : Finished Spring Data repository scanning in 54 ms. Found 4 JPA repository interfaces.
2021-12-09 11:36:34.044  INFO 4432 --- [    Test worker] trationDelegate$BeanPostProcessorChecker : Bean 'org.springframework.security.access.expression.method.DefaultMethodSecurityExpressionHandler@781dac73' of type [org.springframework.security.access.expression.method.DefaultMethodSecurityExpressionHandler] is not eligible for getting processed by all BeanPostProcessors (for example: not eligible for auto-proxying)
2021-12-09 11:36:34.054  INFO 4432 --- [    Test worker] trationDelegate$BeanPostProcessorChecker : Bean 'methodSecurityMetadataSource' of type [org.springframework.security.access.method.DelegatingMethodSecurityMetadataSource] is not eligible for getting processed by all BeanPostProcessors (for example: not eligible for auto-proxying)
2021-12-09 11:36:34.279  INFO 4432 --- [    Test worker] o.hibernate.jpa.internal.util.LogHelper  : HHH000204: Processing PersistenceUnitInfo [name: default]
2021-12-09 11:36:34.333  INFO 4432 --- [    Test worker] org.hibernate.Version                    : HHH000412: Hibernate ORM core version 5.4.32.Final
2021-12-09 11:36:34.469  INFO 4432 --- [    Test worker] o.hibernate.annotations.common.Version   : HCANN000001: Hibernate Commons Annotations {5.1.2.Final}
2021-12-09 11:36:34.576  INFO 4432 --- [    Test worker] com.zaxxer.hikari.HikariDataSource       : HikariPool-1 - Starting...
2021-12-09 11:36:34.935  INFO 4432 --- [    Test worker] com.zaxxer.hikari.HikariDataSource       : HikariPool-1 - Start completed.
2021-12-09 11:36:34.963  INFO 4432 --- [    Test worker] org.hibernate.dialect.Dialect            : HHH000400: Using dialect: org.hibernate.dialect.MySQL8Dialect
2021-12-09 11:36:35.768  INFO 4432 --- [    Test worker] o.h.e.t.j.p.i.JtaPlatformInitiator       : HHH000490: Using JtaPlatform implementation: [org.hibernate.engine.transaction.jta.platform.internal.NoJtaPlatform]
2021-12-09 11:36:35.776  INFO 4432 --- [    Test worker] j.LocalContainerEntityManagerFactoryBean : Initialized JPA EntityManagerFactory for persistence unit 'default'
2021-12-09 11:36:36.300  WARN 4432 --- [    Test worker] JpaBaseConfiguration$JpaWebConfiguration : spring.jpa.open-in-view is enabled by default. Therefore, database queries may be performed during view rendering. Explicitly configure spring.jpa.open-in-view to disable this warning
2021-12-09 11:36:36.808  INFO 4432 --- [    Test worker] pertySourcedRequestMappingHandlerMapping : Mapped URL path [/v2/api-docs] onto method [springfox.documentation.swagger2.web.Swagger2Controller#getDocumentation(String, HttpServletRequest)]
2021-12-09 11:36:36.940  INFO 4432 --- [    Test worker] o.s.s.web.DefaultSecurityFilterChain     : Will secure Ant [pattern='/h2-console/**'] with []
2021-12-09 11:36:36.993  INFO 4432 --- [    Test worker] o.s.b.a.w.s.WelcomePageHandlerMapping    : Adding welcome page: class path resource [static/index.html]
2021-12-09 11:36:37.152  INFO 4432 --- [    Test worker] o.s.s.web.DefaultSecurityFilterChain     : Will secure any request with [org.springframework.security.web.context.request.async.WebAsyncManagerIntegrationFilter@6f55aef7, org.springframework.security.web.context.SecurityContextPersistenceFilter@63ead376, org.springframework.security.web.header.HeaderWriterFilter@7c7d83ff, org.springframework.web.filter.CorsFilter@69c7fe78, org.springframework.security.web.authentication.logout.LogoutFilter@369f85c6, com.anonymous.mentalcare.security.filter.FormLoginFilter@4b59a1c1, com.anonymous.mentalcare.security.filter.JwtAuthFilter@1ffe7c42, org.springframework.security.web.savedrequest.RequestCacheAwareFilter@272cec71, org.springframework.security.web.servletapi.SecurityContextHolderAwareRequestFilter@38f7a20, org.springframework.security.web.authentication.AnonymousAuthenticationFilter@5f72aaed, org.springframework.security.web.session.SessionManagementFilter@48463900, org.springframework.security.web.access.ExceptionTranslationFilter@77732366, org.springframework.security.web.access.intercept.FilterSecurityInterceptor@1df77353]
2021-12-09 11:36:37.575  INFO 4432 --- [    Test worker] d.s.w.p.DocumentationPluginsBootstrapper : Context refreshed
2021-12-09 11:36:37.595  INFO 4432 --- [    Test worker] d.s.w.p.DocumentationPluginsBootstrapper : Found 1 custom documentation plugin(s)
2021-12-09 11:36:37.624  INFO 4432 --- [    Test worker] s.d.s.w.s.ApiListingReferenceScanner     : Scanning for api listing references
2021-12-09 11:36:37.846  INFO 4432 --- [    Test worker] c.a.m.AnonymousApplicationTests          : Started AnonymousApplicationTests in 5.316 seconds (JVM running for 6.361)
]]></system-out>
  <system-err><![CDATA[]]></system-err>
</testsuite>
